2024-10-25 03:50:08 [32minfo[39m" [ Database ]: Database (trading) creating...
2024-10-25 03:50:08 [32minfo[39m" [ Database ]: Password () creating...
2024-10-25 03:50:08 [32minfo[39m" [ Database ]: Password (127.0.0.1) creating...
2024-10-25 03:50:08 [32minfo[39m" [ Database ]: Database (trading) creating...
2024-10-25 03:50:08 [32minfo[39m" [ Database ]: Password () creating...
2024-10-25 03:50:08 [32minfo[39m" [ Server ]: Server is started on 8000 port
2024-10-25 10:19:03 [32minfo[39m" [ Database ]: Host (127.0.0.1) creating...
2024-10-25 10:19:03 [32minfo[39m" [ Database ]: User (root) creating...
2024-10-25 10:19:03 [32minfo[39m" [ Database ]: Password () creating...
2024-10-25 10:19:03 [32minfo[39m" [ Database ]: DBName (trading) creating...
2024-10-25 10:19:03 [33mwarn[39m" [ Database ]: Database already exists. (trading)
2024-10-25 10:19:04 [32minfo[39m" [ Server ]: Server is started on 8000 port
2024-10-25 10:24:44 [32minfo[39m" [ Database ]: Host (127.0.0.1) creating...
2024-10-25 10:24:44 [32minfo[39m" [ Database ]: User (root) creating...
2024-10-25 10:24:44 [32minfo[39m" [ Database ]: Password () creating...
2024-10-25 10:24:44 [32minfo[39m" [ Database ]: DBName (trading) creating...
2024-10-25 10:24:44 [33mwarn[39m" [ Database ]: Database already exists. (trading)
2024-10-25 10:24:45 [32minfo[39m" [ Server ]: Server is started on 8000 port
2024-10-25 10:25:05 [32minfo[39m" [ Database ]: Host (127.0.0.1) creating...
2024-10-25 10:25:05 [32minfo[39m" [ Database ]: User (root) creating...
2024-10-25 10:25:05 [32minfo[39m" [ Database ]: Password () creating...
2024-10-25 10:25:05 [32minfo[39m" [ Database ]: DBName (trading) creating...
2024-10-25 10:25:05 [33mwarn[39m" [ Database ]: Database already exists. (trading)
2024-10-25 10:25:06 [32minfo[39m" [ Server ]: Server is started on 8000 port
2024-10-25 10:25:28 [32minfo[39m" [ Database ]: Host (127.0.0.1) creating...
2024-10-25 10:25:28 [32minfo[39m" [ Database ]: User (root) creating...
2024-10-25 10:25:28 [32minfo[39m" [ Database ]: Password () creating...
2024-10-25 10:25:28 [32minfo[39m" [ Database ]: DBName (trading) creating...
2024-10-25 10:25:28 [33mwarn[39m" [ Database ]: Database already exists. (trading)
2024-10-25 10:25:28 [32minfo[39m" [ Server ]: Server is started on 8000 port
2024-10-25 10:28:07 [32minfo[39m" [ Database ]: Host (127.0.0.1) creating...
2024-10-25 10:28:07 [32minfo[39m" [ Database ]: User (root) creating...
2024-10-25 10:28:07 [32minfo[39m" [ Database ]: Password () creating...
2024-10-25 10:28:07 [32minfo[39m" [ Database ]: DBName (trading) creating...
2024-10-25 10:28:07 [33mwarn[39m" [ Database ]: Database already exists. (trading)
2024-10-25 10:28:07 [32minfo[39m" [ Server ]: Server is started on 8000 port
2024-10-25 10:28:50 [32minfo[39m" [ Database ]: Host (127.0.0.1) creating...
2024-10-25 10:28:50 [32minfo[39m" [ Database ]: User (root) creating...
2024-10-25 10:28:50 [32minfo[39m" [ Database ]: Password () creating...
2024-10-25 10:28:50 [32minfo[39m" [ Database ]: DBName (trading) creating...
2024-10-25 10:28:50 [33mwarn[39m" [ Database ]: Database already exists. (trading)
2024-10-25 10:28:51 [32minfo[39m" [ Server ]: Server is started on 8000 port
2024-10-25 10:29:40 [32minfo[39m" [ Database ]: Host (127.0.0.1) creating...
2024-10-25 10:29:40 [32minfo[39m" [ Database ]: User (root) creating...
2024-10-25 10:29:40 [32minfo[39m" [ Database ]: Password () creating...
2024-10-25 10:29:40 [32minfo[39m" [ Database ]: DBName (trading) creating...
2024-10-25 10:29:40 [33mwarn[39m" [ Database ]: Database already exists. (trading)
2024-10-25 10:29:40 [32minfo[39m" [ Server ]: Server is started on 8000 port
2024-10-25 10:59:38 [32minfo[39m" [ Database ]: Host (127.0.0.1) creating...
2024-10-25 10:59:38 [32minfo[39m" [ Database ]: User (root) creating...
2024-10-25 10:59:38 [32minfo[39m" [ Database ]: Password () creating...
2024-10-25 10:59:38 [32minfo[39m" [ Database ]: DBName (trading) creating...
2024-10-25 10:59:38 [33mwarn[39m" [ Database ]: Database already exists. (trading)
2024-10-25 10:59:38 [31merror[39m" [ Database ]: Database connect failed... db.UserPermission.migrate is not a function
2024-10-25 11:01:53 [32minfo[39m" [ Database ]: Host (127.0.0.1) creating...
2024-10-25 11:01:53 [32minfo[39m" [ Database ]: User (root) creating...
2024-10-25 11:01:53 [32minfo[39m" [ Database ]: Password () creating...
2024-10-25 11:01:53 [32minfo[39m" [ Database ]: DBName (trading) creating...
2024-10-25 11:01:53 [33mwarn[39m" [ Database ]: Database already exists. (trading)
2024-10-25 11:01:54 [32minfo[39m" [ Server ]: Server is started on 8000 port
2024-10-25 14:37:44 [32minfo[39m" [ Database ]: Host (127.0.0.1) creating...
2024-10-25 14:37:44 [32minfo[39m" [ Database ]: User (root) creating...
2024-10-25 14:37:44 [32minfo[39m" [ Database ]: Password () creating...
2024-10-25 14:37:44 [32minfo[39m" [ Database ]: DBName (trading) creating...
2024-10-25 14:37:44 [32minfo[39m" [ Server ]: Server is started on 8000 port
2024-10-25 14:41:12 [32minfo[39m" [ Database ]: Host (127.0.0.1) creating...
2024-10-25 14:41:12 [32minfo[39m" [ Database ]: User (root) creating...
2024-10-25 14:41:12 [32minfo[39m" [ Database ]: Password () creating...
2024-10-25 14:41:12 [32minfo[39m" [ Database ]: DBName (trading) creating...
2024-10-25 14:41:12 [33mwarn[39m" [ Database ]: Database already exists. (trading)
2024-10-25 14:41:12 [32minfo[39m" [ Server ]: Server is started on 8000 port
2024-10-25 14:42:40 [32minfo[39m" [ Database ]: Host (127.0.0.1) creating...
2024-10-25 14:42:40 [32minfo[39m" [ Database ]: User (root) creating...
2024-10-25 14:42:40 [32minfo[39m" [ Database ]: Password () creating...
2024-10-25 14:42:40 [32minfo[39m" [ Database ]: DBName (trading) creating...
2024-10-25 14:42:40 [33mwarn[39m" [ Database ]: Database already exists. (trading)
2024-10-25 14:42:40 [32minfo[39m" [ Server ]: Server is started on 8000 port
2024-10-25 14:46:20 [32minfo[39m" [ Database ]: Host (127.0.0.1) creating...
2024-10-25 14:46:20 [32minfo[39m" [ Database ]: User (root) creating...
2024-10-25 14:46:20 [32minfo[39m" [ Database ]: Password () creating...
2024-10-25 14:46:20 [32minfo[39m" [ Database ]: DBName (trading) creating...
2024-10-25 14:46:20 [33mwarn[39m" [ Database ]: Database already exists. (trading)
2024-10-25 14:46:20 [32minfo[39m" [ Server ]: Server is started on 8000 port
2024-10-25 14:48:16 [32minfo[39m" [ Database ]: Host (127.0.0.1) creating...
2024-10-25 14:48:16 [32minfo[39m" [ Database ]: User (root) creating...
2024-10-25 14:48:16 [32minfo[39m" [ Database ]: Password () creating...
2024-10-25 14:48:16 [32minfo[39m" [ Database ]: DBName (trading) creating...
2024-10-25 14:48:16 [33mwarn[39m" [ Database ]: Database already exists. (trading)
2024-10-25 14:48:17 [32minfo[39m" [ Server ]: Server is started on 8000 port
2024-10-25 14:52:28 [32minfo[39m" [ Database ]: Host (127.0.0.1) creating...
2024-10-25 14:52:28 [32minfo[39m" [ Database ]: User (root) creating...
2024-10-25 14:52:28 [32minfo[39m" [ Database ]: Password () creating...
2024-10-25 14:52:28 [32minfo[39m" [ Database ]: DBName (trading) creating...
2024-10-25 14:52:28 [33mwarn[39m" [ Database ]: Database already exists. (trading)
2024-10-25 14:52:28 [32minfo[39m" [ Server ]: Server is started on 8000 port
2024-10-25 14:53:01 [32minfo[39m" [ Database ]: Host (127.0.0.1) creating...
2024-10-25 14:53:01 [32minfo[39m" [ Database ]: User (root) creating...
2024-10-25 14:53:01 [32minfo[39m" [ Database ]: Password () creating...
2024-10-25 14:53:01 [32minfo[39m" [ Database ]: DBName (trading) creating...
2024-10-25 14:53:01 [33mwarn[39m" [ Database ]: Database already exists. (trading)
2024-10-25 14:53:01 [32minfo[39m" [ Server ]: Server is started on 8000 port
2024-10-25 14:53:57 [32minfo[39m" [ Database ]: Host (127.0.0.1) creating...
2024-10-25 14:53:57 [32minfo[39m" [ Database ]: User (root) creating...
2024-10-25 14:53:57 [32minfo[39m" [ Database ]: Password () creating...
2024-10-25 14:53:57 [32minfo[39m" [ Database ]: DBName (trading) creating...
2024-10-25 14:53:57 [33mwarn[39m" [ Database ]: Database already exists. (trading)
2024-10-25 14:53:57 [32minfo[39m" [ Server ]: Server is started on 8000 port
2024-10-25 14:58:22 [32minfo[39m" [ Database ]: Host (127.0.0.1) creating...
2024-10-25 14:58:22 [32minfo[39m" [ Database ]: User (root) creating...
2024-10-25 14:58:22 [32minfo[39m" [ Database ]: Password () creating...
2024-10-25 14:58:22 [32minfo[39m" [ Database ]: DBName (trading) creating...
2024-10-25 14:58:22 [33mwarn[39m" [ Database ]: Database already exists. (trading)
2024-10-25 14:58:22 [32minfo[39m" [ Server ]: Server is started on 8000 port
2024-10-25 15:06:44 [32minfo[39m" [ Database ]: Host (127.0.0.1) creating...
2024-10-25 15:06:44 [32minfo[39m" [ Database ]: User (root) creating...
2024-10-25 15:06:44 [32minfo[39m" [ Database ]: Password () creating...
2024-10-25 15:06:44 [32minfo[39m" [ Database ]: DBName (trading) creating...
2024-10-25 15:06:44 [33mwarn[39m" [ Database ]: Database already exists. (trading)
2024-10-25 15:06:44 [32minfo[39m" [ Server ]: Server is started on 8000 port
2024-10-25 15:19:29 [32minfo[39m" [ Database ]: Host (127.0.0.1) creating...
2024-10-25 15:19:29 [32minfo[39m" [ Database ]: User (root) creating...
2024-10-25 15:19:29 [32minfo[39m" [ Database ]: Password () creating...
2024-10-25 15:19:29 [32minfo[39m" [ Database ]: DBName (trading) creating...
2024-10-25 15:19:29 [33mwarn[39m" [ Database ]: Database already exists. (trading)
2024-10-25 15:19:29 [32minfo[39m" [ Server ]: Server is started on 8000 port
2024-10-25 16:51:47 [32minfo[39m" [ Database ]: Host (127.0.0.1) creating...
2024-10-25 16:51:47 [32minfo[39m" [ Database ]: User (root) creating...
2024-10-25 16:51:47 [32minfo[39m" [ Database ]: Password () creating...
2024-10-25 16:51:47 [32minfo[39m" [ Database ]: DBName (trading) creating...
2024-10-25 16:51:47 [33mwarn[39m" [ Database ]: Database already exists. (trading)
2024-10-25 16:51:47 [32minfo[39m" [ Server ]: Server is started on 8000 port
2024-10-25 17:12:57 [32minfo[39m" [ Database ]: Host (127.0.0.1) creating...
2024-10-25 17:12:57 [32minfo[39m" [ Database ]: User (root) creating...
2024-10-25 17:12:57 [32minfo[39m" [ Database ]: Password () creating...
2024-10-25 17:12:57 [32minfo[39m" [ Database ]: DBName (trading) creating...
2024-10-25 17:12:57 [33mwarn[39m" [ Database ]: Database already exists. (trading)
2024-10-25 17:12:57 [32minfo[39m" [ Server ]: Server is started on 8000 port
2024-10-25 17:13:04 [32minfo[39m" [ Database ]: Host (127.0.0.1) creating...
2024-10-25 17:13:04 [32minfo[39m" [ Database ]: User (root) creating...
2024-10-25 17:13:04 [32minfo[39m" [ Database ]: Password () creating...
2024-10-25 17:13:04 [32minfo[39m" [ Database ]: DBName (trading) creating...
2024-10-25 17:13:04 [33mwarn[39m" [ Database ]: Database already exists. (trading)
2024-10-25 17:13:04 [32minfo[39m" [ Server ]: Server is started on 8000 port
2024-10-25 17:16:38 [32minfo[39m" [ Database ]: Host (127.0.0.1) creating...
2024-10-25 17:16:38 [32minfo[39m" [ Database ]: User (root) creating...
2024-10-25 17:16:38 [32minfo[39m" [ Database ]: Password () creating...
2024-10-25 17:16:38 [32minfo[39m" [ Database ]: DBName (trading) creating...
2024-10-25 17:16:38 [33mwarn[39m" [ Database ]: Database already exists. (trading)
2024-10-25 17:16:39 [32minfo[39m" [ Server ]: Server is started on 8000 port
2024-10-25 19:31:01 [32minfo[39m" [ Database ]: Host (127.0.0.1) creating...
2024-10-25 19:31:01 [32minfo[39m" [ Database ]: User (root) creating...
2024-10-25 19:31:01 [32minfo[39m" [ Database ]: Password () creating...
2024-10-25 19:31:01 [32minfo[39m" [ Database ]: DBName (trading) creating...
2024-10-25 19:31:01 [33mwarn[39m" [ Database ]: Database already exists. (trading)
2024-10-25 19:31:01 [32minfo[39m" [ Server ]: Server is started on 8000 port
2024-10-25 21:14:44 [32minfo[39m" [ Database ]: Host (127.0.0.1) creating...
2024-10-25 21:14:44 [32minfo[39m" [ Database ]: User (root) creating...
2024-10-25 21:14:44 [32minfo[39m" [ Database ]: Password () creating...
2024-10-25 21:14:44 [32minfo[39m" [ Database ]: DBName (trading) creating...
2024-10-25 21:14:44 [33mwarn[39m" [ Database ]: Database already exists. (trading)
2024-10-25 21:14:44 [32minfo[39m" [ Server ]: Server is started on 8000 port
2024-10-25 21:15:02 [32minfo[39m" [ Database ]: Host (127.0.0.1) creating...
2024-10-25 21:15:02 [32minfo[39m" [ Database ]: User (root) creating...
2024-10-25 21:15:02 [32minfo[39m" [ Database ]: Password () creating...
2024-10-25 21:15:02 [32minfo[39m" [ Database ]: DBName (trading) creating...
2024-10-25 21:15:02 [33mwarn[39m" [ Database ]: Database already exists. (trading)
2024-10-25 21:15:02 [31merror[39m" [ Database ]: Database connect failed... count is not defined
2024-10-25 21:15:11 [32minfo[39m" [ Database ]: Host (127.0.0.1) creating...
2024-10-25 21:15:11 [32minfo[39m" [ Database ]: User (root) creating...
2024-10-25 21:15:11 [32minfo[39m" [ Database ]: Password () creating...
2024-10-25 21:15:11 [32minfo[39m" [ Database ]: DBName (trading) creating...
2024-10-25 21:15:11 [33mwarn[39m" [ Database ]: Database already exists. (trading)
2024-10-25 21:15:11 [31merror[39m" [ Database ]: Database connect failed... Unknown column 'equity' in 'field list'
2024-10-25 21:15:29 [32minfo[39m" [ Database ]: Host (127.0.0.1) creating...
2024-10-25 21:15:29 [32minfo[39m" [ Database ]: User (root) creating...
2024-10-25 21:15:29 [32minfo[39m" [ Database ]: Password () creating...
2024-10-25 21:15:29 [32minfo[39m" [ Database ]: DBName (trading) creating...
2024-10-25 21:15:29 [33mwarn[39m" [ Database ]: Database already exists. (trading)
2024-10-25 21:15:29 [31merror[39m" [ Database ]: Database connect failed... Unknown column 'equity' in 'field list'
2024-10-25 21:15:54 [32minfo[39m" [ Database ]: Host (127.0.0.1) creating...
2024-10-25 21:15:54 [32minfo[39m" [ Database ]: User (root) creating...
2024-10-25 21:15:54 [32minfo[39m" [ Database ]: Password () creating...
2024-10-25 21:15:54 [32minfo[39m" [ Database ]: DBName (trading) creating...
2024-10-25 21:15:54 [31merror[39m" [ Database ]: Database connect failed... Validation error
2024-10-25 21:16:19 [32minfo[39m" [ Database ]: Host (127.0.0.1) creating...
2024-10-25 21:16:19 [32minfo[39m" [ Database ]: User (root) creating...
2024-10-25 21:16:19 [32minfo[39m" [ Database ]: Password () creating...
2024-10-25 21:16:19 [32minfo[39m" [ Database ]: DBName (trading) creating...
2024-10-25 21:16:19 [33mwarn[39m" [ Database ]: Database already exists. (trading)
2024-10-25 21:16:19 [32minfo[39m" [ Server ]: Server is started on 8000 port
